97.10.30 16:51 B F:\mangazon\ranma\htmlpags\ranma_w3\index.htm --> ftp.geocities.com /pub/homestead index.html
97.10.30 16:51 B F:\mangazon\ranma\htmlpags\ranma_w3\wip_anim.gif --> ftp.geocities.com /pub/homestead wip_anim.gif
97.11.27 16:40 B D:\MANGAZON\RANMA\HTMLPAGS\RANMA_W3\WIP_ANIM.GIF --> ftpweb.iol.it /immagini WIP_ANIM.GIF
97.12.19 11:19 B D:\mangazon\ranma\htmlpags\ranma_w3\bt_power.jpg --> ftp.geocities.com /pub/homestead bt_power.jpg
97.12.19 11:20 A D:\mangazon\ranma\htmlpags\ranma_w3\index.htm --> ftp.geocities.com /pub/homestead index.html
97.12.19 11:20 A D:\mangazon\ranma\htmlpags\ranma_w3\manga.htm --> ftp.geocities.com /pub/homestead manga.html
97.12.19 11:20 A D:\mangazon\ranma\htmlpags\ranma_w3\relnotes.htm --> ftp.geocities.com /pub/homestead relnotes.html
97.12.19 11:20 A D:\mangazon\ranma\htmlpags\ranma_w3\tvcut001.htm --> ftp.geocities.com /pub/homestead tvcut001.html
97.12.19 11:20 A D:\mangazon\ranma\htmlpags\ranma_w3\tvcut003.htm --> ftp.geocities.com /pub/homestead tvcut003.html
97.12.19 11:20 A D:\mangazon\ranma\htmlpags\ranma_w3\tvcut004.htm --> ftp.geocities.com /pub/homestead tvcut004.html
97.12.19 11:21 A D:\mangazon\ranma\htmlpags\ranma_w3\tvcut005.htm --> ftp.geocities.com /pub/homestead tvcut005.html
97.12.19 11:21 A D:\mangazon\ranma\htmlpags\ranma_w3\tvcut009.htm --> ftp.geocities.com /pub/homestead tvcut009.html
97.12.19 11:21 A D:\mangazon\ranma\htmlpags\ranma_w3\tvcut010.htm --> ftp.geocities.com /pub/homestead tvcut010.html
97.12.19 11:21 A D:\mangazon\ranma\htmlpags\ranma_w3\tvcut016.htm --> ftp.geocities.com /pub/homestead tvcut016.html
97.12.19 11:21 A D:\mangazon\ranma\htmlpags\ranma_w3\tvcut019.htm --> ftp.geocities.com /pub/homestead tvcut019.html
97.12.19 11:21 A D:\mangazon\ranma\htmlpags\ranma_w3\tvcut021.htm --> ftp.geocities.com /pub/homestead tvcut021.html
97.12.19 11:21 A D:\mangazon\ranma\htmlpags\ranma_w3\tvcut024.htm --> ftp.geocities.com /pub/homestead tvcut024.html
97.12.19 11:21 A D:\mangazon\ranma\htmlpags\ranma_w3\tvcut025.htm --> ftp.geocities.com /pub/homestead tvcut025.html
97.12.19 11:21 A D:\mangazon\ranma\htmlpags\ranma_w3\tvcut026.htm --> ftp.geocities.com /pub/homestead tvcut026.html
97.12.19 11:22 A D:\mangazon\ranma\htmlpags\ranma_w3\tvcut032.htm --> ftp.geocities.com /pub/homestead tvcut032.html
97.12.19 11:22 A D:\mangazon\ranma\htmlpags\ranma_w3\tvcut033.htm --> ftp.geocities.com /pub/homestead tvcut033.html
97.12.19 11:23 A D:\mangazon\ranma\htmlpags\ranma_w3\tvcut034.htm --> ftp.geocities.com /pub/homestead tvcut034.htm
97.12.19 11:23 A D:\mangazon\ranma\htmlpags\ranma_w3\tvcut035.htm --> ftp.geocities.com /pub/homestead tvcut035.htm
97.12.19 11:23 A D:\mangazon\ranma\htmlpags\ranma_w3\tvcut036.htm --> ftp.geocities.com /pub/homestead tvcut036.htm
97.12.19 11:23 A D:\mangazon\ranma\htmlpags\ranma_w3\tvcut037.htm --> ftp.geocities.com /pub/homestead tvcut037.htm
97.12.19 11:23 A D:\mangazon\ranma\htmlpags\ranma_w3\tvcut038.htm --> ftp.geocities.com /pub/homestead tvcut038.htm
97.12.19 11:24 A D:\mangazon\ranma\htmlpags\ranma_w3\tvcut039.htm --> ftp.geocities.com /pub/homestead tvcut039.htm
97.12.19 11:24 A D:\mangazon\ranma\htmlpags\ranma_w3\tvcut040.htm --> ftp.geocities.com /pub/homestead tvcut040.htm
97.12.19 11:24 A D:\mangazon\ranma\htmlpags\ranma_w3\tvcut041.htm --> ftp.geocities.com /pub/homestead tvcut041.htm
97.12.19 11:24 A D:\mangazon\ranma\htmlpags\ranma_w3\tvcut042.htm --> ftp.geocities.com /pub/homestead tvcut042.htm
97.12.19 11:24 A D:\mangazon\ranma\htmlpags\ranma_w3\tvcut043.htm --> ftp.geocities.com /pub/homestead tvcut043.htm
97.12.19 11:24 A D:\mangazon\ranma\htmlpags\ranma_w3\tvcut044.htm --> ftp.geocities.com /pub/homestead tvcut044.htm
97.12.19 11:25 A D:\mangazon\ranma\htmlpags\ranma_w3\tvcut045.htm --> ftp.geocities.com /pub/homestead tvcut045.htm
97.12.19 11:25 A D:\mangazon\ranma\htmlpags\ranma_w3\tvcut046.htm --> ftp.geocities.com /pub/homestead tvcut046.htm
97.12.19 11:25 A D:\mangazon\ranma\htmlpags\ranma_w3\tvcut047.htm --> ftp.geocities.com /pub/homestead tvcut047.htm
97.12.19 11:25 A D:\mangazon\ranma\htmlpags\ranma_w3\tvcut048.htm --> ftp.geocities.com /pub/homestead tvcut048.htm
97.12.19 14:38 B D:\mangazon\ranma\htmlpags\ranma_w3\index.htm --> ftpweb.iol.it / index.htm
97.12.19 14:39 B D:\mangazon\ranma\htmlpags\ranma_w3\index.htm --> ftp.geocities.com /pub/homestead index.html
