98.10.08 11:26 B F:\websites\ranma\ranma_v2.0\miscimgs\1pg.gif --> ftp.geocities.com /Tokyo/Flats/1896/miscimgs 1pg.gif
98.10.08 11:26 B F:\websites\ranma\ranma_v2.0\miscimgs\1w.gif --> ftp.geocities.com /Tokyo/Flats/1896/miscimgs 1w.gif
98.10.08 11:27 B F:\websites\ranma\ranma_v2.0\miscimgs\gb1_4.gif --> ftp.geocities.com /Tokyo/Flats/1896/miscimgs gb1_4.gif
98.10.08 11:27 B F:\websites\ranma\ranma_v2.0\miscimgs\gb1_8.gif --> ftp.geocities.com /Tokyo/Flats/1896/miscimgs gb1_8.gif
98.10.08 11:27 B F:\websites\ranma\ranma_v2.0\miscimgs\gb2_2.gif --> ftp.geocities.com /Tokyo/Flats/1896/miscimgs gb2_2.gif
98.10.08 11:28 B F:\websites\ranma\ranma_v2.0\miscimgs\gb2_3.gif --> ftp.geocities.com /Tokyo/Flats/1896/miscimgs gb2_3.gif
98.10.08 11:30 B F:\websites\ranma\ranma_v2.0\miscimgs\gb3_6.gif --> ftp.geocities.com /Tokyo/Flats/1896/miscimgs gb3_6.gif
98.10.08 11:30 B F:\websites\ranma\ranma_v2.0\miscimgs\gb3_7.gif --> ftp.geocities.com /Tokyo/Flats/1896/miscimgs gb3_7.gif
98.10.08 11:31 B F:\websites\ranma\ranma_v2.0\miscimgs\inuy.gif --> ftp.geocities.com /Tokyo/Flats/1896/miscimgs inuy.gif
98.10.08 11:31 B F:\websites\ranma\ranma_v2.0\miscimgs\mermaid.gif --> ftp.geocities.com /Tokyo/Flats/1896/miscimgs mermaid.gif
98.10.08 11:31 B F:\websites\ranma\ranma_v2.0\miscimgs\mi.gif --> ftp.geocities.com /Tokyo/Flats/1896/miscimgs mi.gif
98.10.08 11:31 B F:\websites\ranma\ranma_v2.0\miscimgs\pno1.gif --> ftp.geocities.com /Tokyo/Flats/1896/miscimgs pno1.gif
98.10.08 11:31 B F:\websites\ranma\ranma_v2.0\miscimgs\rumi4.jpg --> ftp.geocities.com /Tokyo/Flats/1896/miscimgs rumi4.jpg
98.10.08 11:32 B F:\websites\ranma\ranma_v2.0\miscimgs\sfc1_1.jpg --> ftp.geocities.com /Tokyo/Flats/1896/miscimgs sfc1_1.jpg
98.10.08 11:32 B F:\websites\ranma\ranma_v2.0\miscimgs\sfc1_6.jpg --> ftp.geocities.com /Tokyo/Flats/1896/miscimgs sfc1_6.jpg
98.10.08 11:32 B F:\websites\ranma\ranma_v2.0\miscimgs\sfc2_3.jpg --> ftp.geocities.com /Tokyo/Flats/1896/miscimgs sfc2_3.jpg
98.10.08 11:32 B F:\websites\ranma\ranma_v2.0\miscimgs\sfc2_6.jpg --> ftp.geocities.com /Tokyo/Flats/1896/miscimgs sfc2_6.jpg
98.10.08 11:32 B F:\websites\ranma\ranma_v2.0\miscimgs\sfc3_5.jpg --> ftp.geocities.com /Tokyo/Flats/1896/miscimgs sfc3_5.jpg
98.10.08 11:33 B F:\websites\ranma\ranma_v2.0\miscimgs\sfc3_6.jpg --> ftp.geocities.com /Tokyo/Flats/1896/miscimgs sfc3_6.jpg
98.10.08 11:33 B F:\websites\ranma\ranma_v2.0\miscimgs\sfc4_2.jpg --> ftp.geocities.com /Tokyo/Flats/1896/miscimgs sfc4_2.jpg
98.10.08 11:33 B F:\websites\ranma\ranma_v2.0\miscimgs\sfc4_3.jpg --> ftp.geocities.com /Tokyo/Flats/1896/miscimgs sfc4_3.jpg
98.10.08 11:33 B F:\websites\ranma\ranma_v2.0\miscimgs\sfc4_4.jpg --> ftp.geocities.com /Tokyo/Flats/1896/miscimgs sfc4_4.jpg
98.10.08 11:33 B F:\websites\ranma\ranma_v2.0\miscimgs\sfc4_6.jpg --> ftp.geocities.com /Tokyo/Flats/1896/miscimgs sfc4_6.jpg
98.10.08 11:34 B F:\websites\ranma\ranma_v2.0\miscimgs\sfc5_8.jpg --> ftp.geocities.com /Tokyo/Flats/1896/miscimgs sfc5_8.jpg
98.10.08 11:34 B F:\websites\ranma\ranma_v2.0\miscimgs\sfc5_9.jpg --> ftp.geocities.com /Tokyo/Flats/1896/miscimgs sfc5_9.jpg
98.10.08 11:34 B F:\websites\ranma\ranma_v2.0\miscimgs\theater.gif --> ftp.geocities.com /Tokyo/Flats/1896/miscimgs theater.gif
98.10.08 11:34 B F:\websites\ranma\ranma_v2.0\miscimgs\uywb15.gif --> ftp.geocities.com /Tokyo/Flats/1896/miscimgs uywb15.gif
98.10.08 11:35 B F:\websites\ranma\ranma_v2.0\miscimgs\vgame001.jpg --> ftp.geocities.com /Tokyo/Flats/1896/miscimgs vgame001.jpg
98.10.08 11:35 B F:\websites\ranma\ranma_v2.0\miscimgs\vgame002.jpg --> ftp.geocities.com /Tokyo/Flats/1896/miscimgs vgame002.jpg
98.12.15 15:10 B G:\websites\ranma\ranma_v2.0\miscimgs\bannetv.gif --> ftp.geocities.com /Tokyo/Flats/1896/miscimgs bannetv.gif
100.01.28 15:14 B F:\websites\ranma\ranma_v2.0\miscimgs\akanecook.gif --> ftp.geocities.com /Tokyo/Flats/1896/miscimgs akanecook.gif
100.01.28 15:14 B F:\websites\ranma\ranma_v2.0\miscimgs\banner35.gif --> ftp.geocities.com /Tokyo/Flats/1896/miscimgs banner35.gif
